[2023-11-28 00:17:51,374: INFO: common: yaml file: config\config.yaml loaded successfully]
[2023-11-28 00:17:51,379: INFO: common: yaml file: params.yaml loaded successfully]
[2023-11-28 00:18:39,006: INFO: common: yaml file: config\config.yaml loaded successfully]
[2023-11-28 00:18:39,010: INFO: common: yaml file: params.yaml loaded successfully]
[2023-11-28 00:18:44,927: INFO: common: yaml file: config\config.yaml loaded successfully]
[2023-11-28 00:18:44,928: INFO: common: yaml file: params.yaml loaded successfully]
[2023-11-28 00:19:07,089: INFO: common: yaml file: config\config.yaml loaded successfully]
[2023-11-28 00:19:07,092: INFO: common: yaml file: params.yaml loaded successfully]
[2023-11-28 00:19:07,093: INFO: common: yaml file: schema.yaml loaded successfully]
[2023-11-28 00:19:38,343: INFO: common: yaml file: config\config.yaml loaded successfully]
[2023-11-28 00:19:38,345: INFO: common: yaml file: params.yaml loaded successfully]
[2023-11-28 00:19:38,348: INFO: common: yaml file: schema.yaml loaded successfully]
[2023-11-28 00:19:38,349: INFO: common: created directory at: artifacts]
[2023-11-28 00:19:38,350: INFO: common: created directory at: artifacts/data_ingestion]
[2023-11-28 00:20:01,335: INFO: common: yaml file: config\config.yaml loaded successfully]
[2023-11-28 00:20:01,336: INFO: common: yaml file: params.yaml loaded successfully]
[2023-11-28 00:20:01,337: INFO: common: yaml file: schema.yaml loaded successfully]
[2023-11-28 00:20:01,339: INFO: common: created directory at: artifacts]
[2023-11-28 00:20:01,339: INFO: common: created directory at: artifacts/data_ingestion]
[2023-11-28 00:20:02,646: INFO: 2366278714: artifacts/data_ingestion/data.zip download! with following info: 
Server: GitHub.com
Date: Mon, 27 Nov 2023 18:50:01 GMT
Content-Type: text/html; charset=utf-8
Vary: X-PJAX, X-PJAX-Container, Turbo-Visit, Turbo-Frame, Accept-Encoding, Accept, X-Requested-With
ETag: W/"7efbb1c94ed7f0ff06f426dbabc2178c"
Cache-Control: max-age=0, private, must-revalidate
Strict-Transport-Security: max-age=31536000; includeSubdomains; preload
X-Frame-Options: deny
X-Content-Type-Options: nosniff
X-XSS-Protection: 0
Referrer-Policy: no-referrer-when-downgrade
Content-Security-Policy: default-src 'none'; base-uri 'self'; child-src github.com/assets-cdn/worker/ gist.github.com/assets-cdn/worker/; connect-src 'self' uploads.github.com www.githubstatus.com collector.github.com raw.githubusercontent.com api.githubcopilot.com api.github.com github-cloud.s3.amazonaws.com github-production-repository-file-5c1aeb.s3.amazonaws.com github-production-upload-manifest-file-7fdce7.s3.amazonaws.com github-production-user-asset-6210df.s3.amazonaws.com cdn.optimizely.com logx.optimizely.com/v1/events objects-origin.githubusercontent.com *.actions.githubusercontent.com wss://*.actions.githubusercontent.com productionresultssa0.blob.core.windows.net/ productionresultssa1.blob.core.windows.net/ productionresultssa2.blob.core.windows.net/ productionresultssa3.blob.core.windows.net/ productionresultssa4.blob.core.windows.net/ productionresultssa5.blob.core.windows.net/ productionresultssa6.blob.core.windows.net/ productionresultssa7.blob.core.windows.net/ productionresultssa8.blob.core.windows.net/ productionresultssa9.blob.core.windows.net/ github-production-repository-image-32fea6.s3.amazonaws.com github-production-release-asset-2e65be.s3.amazonaws.com insights.github.com wss://alive.github.com; font-src github.githubassets.com; form-action 'self' github.com gist.github.com objects-origin.githubusercontent.com; frame-ancestors 'none'; frame-src viewscreen.githubusercontent.com notebooks.githubusercontent.com support.github.com; img-src 'self' data: github.githubassets.com media.githubusercontent.com camo.githubusercontent.com identicons.github.com avatars.githubusercontent.com github-cloud.s3.amazonaws.com objects.githubusercontent.com secured-user-images.githubusercontent.com/ user-images.githubusercontent.com/ private-user-images.githubusercontent.com opengraph.githubassets.com github-production-user-asset-6210df.s3.amazonaws.com customer-stories-feed.github.com spotlights-feed.github.com objects-origin.githubusercontent.com *.githubusercontent.com; manifest-src 'self'; media-src github.com user-images.githubusercontent.com/ secured-user-images.githubusercontent.com/ private-user-images.githubusercontent.com github-production-user-asset-6210df.s3.amazonaws.com gist.github.com; script-src github.githubassets.com; style-src 'unsafe-inline' github.githubassets.com; upgrade-insecure-requests; worker-src github.com/assets-cdn/worker/ gist.github.com/assets-cdn/worker/
Set-Cookie: _gh_sess=tprdTFDLeciKBAX44%2BzTi0FVpFIzUC%2FzWgQfJaIHpvUTnh%2FKgjbLP1Ic9wsZDdzsQ46hS5mrS7aVXIeexh58hW%2B58HTH4c6W%2BXXSQuOTrUQeGUgPtu1uHbinp8IPLZyy1AfahwejkKM3J1Fslc%2BNJUqwi2u3BN3pP73WFtBrTqgrb59JekLeTlIo%2FMf%2ByGk%2BJI2TQOiutXSqRw%2F2w24Ff11z8HgnGsht2Od%2FQUDeCKLh%2BShB32gZAshBed737zKQbUQeH8OSyIrVCALbcd7kHw%3D%3D--WXL9n1GYKxksSuqt--Dh45Tv%2BUmTo1O2oprpqLRg%3D%3D; Path=/; HttpOnly; Secure; SameSite=Lax
Set-Cookie: _octo=GH1.1.53793354.1701111001; Path=/; Domain=github.com; Expires=Wed, 27 Nov 2024 18:50:01 GMT; Secure; SameSite=Lax
Set-Cookie: logged_in=no; Path=/; Domain=github.com; Expires=Wed, 27 Nov 2024 18:50:01 GMT; HttpOnly; Secure; SameSite=Lax
Accept-Ranges: bytes
Transfer-Encoding: chunked
X-GitHub-Request-Id: F307:347C79:123FFA0:1483796:6564E4D9
connection: close

]
[2023-11-28 00:22:15,355: INFO: common: yaml file: config\config.yaml loaded successfully]
[2023-11-28 00:22:15,357: INFO: common: yaml file: params.yaml loaded successfully]
[2023-11-28 00:22:15,358: INFO: common: yaml file: schema.yaml loaded successfully]
[2023-11-28 00:22:15,359: INFO: common: created directory at: artifacts]
[2023-11-28 00:22:15,360: INFO: common: created directory at: artifacts/data_ingestion]
[2023-11-28 00:22:15,362: INFO: 2366278714: File already exists of size: ~ 129 KB]
[2023-11-28 00:23:29,428: INFO: common: yaml file: config\config.yaml loaded successfully]
[2023-11-28 00:23:29,429: INFO: common: yaml file: params.yaml loaded successfully]
[2023-11-28 00:23:29,432: INFO: common: yaml file: schema.yaml loaded successfully]
[2023-11-28 00:23:29,435: INFO: common: created directory at: artifacts]
[2023-11-28 00:23:29,437: INFO: common: created directory at: artifacts/data_ingestion]
[2023-11-28 00:23:29,438: INFO: 397179955: File already exists of size: ~ 129 KB]
[2023-11-28 00:23:29,439: INFO: 397179955: artifacts/data_ingestion]
[2023-11-28 00:25:22,631: INFO: common: yaml file: config\config.yaml loaded successfully]
[2023-11-28 00:25:22,633: INFO: common: yaml file: params.yaml loaded successfully]
[2023-11-28 00:25:22,634: INFO: common: yaml file: schema.yaml loaded successfully]
[2023-11-28 00:25:22,636: INFO: common: created directory at: artifacts]
[2023-11-28 00:25:22,636: INFO: common: created directory at: artifacts/data_ingestion]
[2023-11-28 00:25:24,038: INFO: 397179955: artifacts/data_ingestion/data.zip download! with following info: 
Server: GitHub.com
Date: Mon, 27 Nov 2023 18:55:23 GMT
Content-Type: text/html; charset=utf-8
Vary: X-PJAX, X-PJAX-Container, Turbo-Visit, Turbo-Frame, Accept-Encoding, Accept, X-Requested-With
ETag: W/"26a8a6c0497646fe8ef2184fb41e6dde"
Cache-Control: max-age=0, private, must-revalidate
Strict-Transport-Security: max-age=31536000; includeSubdomains; preload
X-Frame-Options: deny
X-Content-Type-Options: nosniff
X-XSS-Protection: 0
Referrer-Policy: no-referrer-when-downgrade
Content-Security-Policy: default-src 'none'; base-uri 'self'; child-src github.com/assets-cdn/worker/ gist.github.com/assets-cdn/worker/; connect-src 'self' uploads.github.com www.githubstatus.com collector.github.com raw.githubusercontent.com api.githubcopilot.com api.github.com github-cloud.s3.amazonaws.com github-production-repository-file-5c1aeb.s3.amazonaws.com github-production-upload-manifest-file-7fdce7.s3.amazonaws.com github-production-user-asset-6210df.s3.amazonaws.com cdn.optimizely.com logx.optimizely.com/v1/events objects-origin.githubusercontent.com *.actions.githubusercontent.com wss://*.actions.githubusercontent.com productionresultssa0.blob.core.windows.net/ productionresultssa1.blob.core.windows.net/ productionresultssa2.blob.core.windows.net/ productionresultssa3.blob.core.windows.net/ productionresultssa4.blob.core.windows.net/ productionresultssa5.blob.core.windows.net/ productionresultssa6.blob.core.windows.net/ productionresultssa7.blob.core.windows.net/ productionresultssa8.blob.core.windows.net/ productionresultssa9.blob.core.windows.net/ github-production-repository-image-32fea6.s3.amazonaws.com github-production-release-asset-2e65be.s3.amazonaws.com insights.github.com wss://alive.github.com; font-src github.githubassets.com; form-action 'self' github.com gist.github.com objects-origin.githubusercontent.com; frame-ancestors 'none'; frame-src viewscreen.githubusercontent.com notebooks.githubusercontent.com support.github.com; img-src 'self' data: github.githubassets.com media.githubusercontent.com camo.githubusercontent.com identicons.github.com avatars.githubusercontent.com github-cloud.s3.amazonaws.com objects.githubusercontent.com secured-user-images.githubusercontent.com/ user-images.githubusercontent.com/ private-user-images.githubusercontent.com opengraph.githubassets.com github-production-user-asset-6210df.s3.amazonaws.com customer-stories-feed.github.com spotlights-feed.github.com objects-origin.githubusercontent.com *.githubusercontent.com; manifest-src 'self'; media-src github.com user-images.githubusercontent.com/ secured-user-images.githubusercontent.com/ private-user-images.githubusercontent.com github-production-user-asset-6210df.s3.amazonaws.com gist.github.com; script-src github.githubassets.com; style-src 'unsafe-inline' github.githubassets.com; upgrade-insecure-requests; worker-src github.com/assets-cdn/worker/ gist.github.com/assets-cdn/worker/
Set-Cookie: _gh_sess=ltpTAjweHdlnP16ih8oJFYOQNkwYGur3Tpus5NmjRRd2GuFo8ZZPIB93xz1p3EnzvnsaFE0gRFu098VqS4W5YYuE28oovOQ%2B63T8%2FRQ8eSpafHWtQK6NTsFXImBy%2FQ9zXKu5Hx%2BOYXl1nag0PWrNPECXVN3%2FjY47RStwUaxohsjrllUVRyUl8m6DbnGumi59r45IVvTnJJu22qMNO%2By%2Fn4rDqdpQC4%2BfclipIW0EocjjbIWS7hKfuyteDirZWz676yITRRu016pcb74x25yY0w%3D%3D--uk9ENoRE5fq0f5Ur--XM%2BYJ2yj3Jn1x7kXNBdOOA%3D%3D; Path=/; HttpOnly; Secure; SameSite=Lax
Set-Cookie: _octo=GH1.1.1419275200.1701111322; Path=/; Domain=github.com; Expires=Wed, 27 Nov 2024 18:55:22 GMT; Secure; SameSite=Lax
Set-Cookie: logged_in=no; Path=/; Domain=github.com; Expires=Wed, 27 Nov 2024 18:55:22 GMT; HttpOnly; Secure; SameSite=Lax
Accept-Ranges: bytes
Transfer-Encoding: chunked
X-GitHub-Request-Id: F353:3F29CC:953727:A26057:6564E61A
connection: close

]
[2023-11-28 00:25:24,039: INFO: 397179955: artifacts/data_ingestion]
[2023-11-28 00:30:15,620: INFO: common: yaml file: config\config.yaml loaded successfully]
[2023-11-28 00:30:15,625: INFO: common: yaml file: params.yaml loaded successfully]
[2023-11-28 00:30:15,631: INFO: common: yaml file: schema.yaml loaded successfully]
[2023-11-28 00:30:15,633: INFO: common: created directory at: artifacts]
[2023-11-28 00:30:15,636: INFO: common: created directory at: artifacts/data_ingestion]
[2023-11-28 00:30:15,638: INFO: 397179955: File already exists of size: ~ 129 KB]
[2023-11-28 00:30:15,639: INFO: 397179955: artifacts/data_ingestion]
[2023-11-28 00:35:04,013: INFO: common: yaml file: config\config.yaml loaded successfully]
[2023-11-28 00:35:04,016: INFO: common: yaml file: params.yaml loaded successfully]
[2023-11-28 00:35:04,021: INFO: common: yaml file: schema.yaml loaded successfully]
[2023-11-28 00:35:04,023: INFO: common: created directory at: artifacts]
[2023-11-28 00:35:04,026: INFO: common: created directory at: artifacts/data_ingestion]
[2023-11-28 00:35:04,028: INFO: 397179955: File already exists of size: ~ 129 KB]
[2023-11-28 00:35:04,029: INFO: 397179955: artifacts/data_ingestion]
