[2023-11-27 22:12:55,292: INFO: main: Welcom to our custom log]
[2023-11-28 00:35:52,057: INFO: common: yaml file: config\config.yaml loaded successfully]
[2023-11-28 00:35:52,061: INFO: common: yaml file: params.yaml loaded successfully]
[2023-11-28 00:35:52,068: INFO: common: yaml file: schema.yaml loaded successfully]
[2023-11-28 00:35:52,072: INFO: common: created directory at: artifacts]
[2023-11-28 00:35:52,074: INFO: common: created directory at: artifacts/data_ingestion]
[2023-11-28 00:35:52,076: INFO: 397179955: File already exists of size: ~ 129 KB]
[2023-11-28 00:35:52,078: INFO: 397179955: artifacts/data_ingestion]
[2023-11-28 00:37:10,126: INFO: common: yaml file: config\config.yaml loaded successfully]
[2023-11-28 00:37:10,131: INFO: common: yaml file: params.yaml loaded successfully]
[2023-11-28 00:37:10,136: INFO: common: yaml file: schema.yaml loaded successfully]
[2023-11-28 00:37:10,139: INFO: common: created directory at: artifacts]
[2023-11-28 00:37:10,143: INFO: common: created directory at: artifacts/data_ingestion]
[2023-11-28 00:37:10,144: INFO: 397179955: File already exists of size: ~ 23 KB]
[2023-11-28 00:37:10,145: INFO: 397179955: artifacts/data_ingestion]
[2023-11-28 01:11:28,824: INFO: main: >>>>>> stage Data Ingestion stage started <<<<<<]
[2023-11-28 01:11:28,827: INFO: common: yaml file: config\config.yaml loaded successfully]
[2023-11-28 01:11:28,829: INFO: common: yaml file: params.yaml loaded successfully]
[2023-11-28 01:11:28,832: INFO: common: yaml file: schema.yaml loaded successfully]
[2023-11-28 01:11:28,833: INFO: common: created directory at: artifacts]
[2023-11-28 01:11:28,834: INFO: common: created directory at: artifacts/data_ingestion]
[2023-11-28 01:11:43,693: INFO: data_ingestion: artifacts/data_ingestion/data.zip download! with following info: 
Server: GitHub.com
Date: Mon, 27 Nov 2023 19:41:29 GMT
Content-Type: text/html; charset=utf-8
Vary: X-PJAX, X-PJAX-Container, Turbo-Visit, Turbo-Frame, Accept-Encoding, Accept, X-Requested-With
ETag: W/"91142776aa5a3d54b9ecdcd4dcb1ea6e"
Cache-Control: max-age=0, private, must-revalidate
Strict-Transport-Security: max-age=31536000; includeSubdomains; preload
X-Frame-Options: deny
X-Content-Type-Options: nosniff
X-XSS-Protection: 0
Referrer-Policy: no-referrer-when-downgrade
Content-Security-Policy: default-src 'none'; base-uri 'self'; child-src github.com/assets-cdn/worker/ gist.github.com/assets-cdn/worker/; connect-src 'self' uploads.github.com www.githubstatus.com collector.github.com raw.githubusercontent.com api.githubcopilot.com api.github.com github-cloud.s3.amazonaws.com github-production-repository-file-5c1aeb.s3.amazonaws.com github-production-upload-manifest-file-7fdce7.s3.amazonaws.com github-production-user-asset-6210df.s3.amazonaws.com cdn.optimizely.com logx.optimizely.com/v1/events objects-origin.githubusercontent.com *.actions.githubusercontent.com wss://*.actions.githubusercontent.com productionresultssa0.blob.core.windows.net/ productionresultssa1.blob.core.windows.net/ productionresultssa2.blob.core.windows.net/ productionresultssa3.blob.core.windows.net/ productionresultssa4.blob.core.windows.net/ productionresultssa5.blob.core.windows.net/ productionresultssa6.blob.core.windows.net/ productionresultssa7.blob.core.windows.net/ productionresultssa8.blob.core.windows.net/ productionresultssa9.blob.core.windows.net/ github-production-repository-image-32fea6.s3.amazonaws.com github-production-release-asset-2e65be.s3.amazonaws.com insights.github.com wss://alive.github.com; font-src github.githubassets.com; form-action 'self' github.com gist.github.com objects-origin.githubusercontent.com; frame-ancestors 'none'; frame-src viewscreen.githubusercontent.com notebooks.githubusercontent.com support.github.com; img-src 'self' data: github.githubassets.com media.githubusercontent.com camo.githubusercontent.com identicons.github.com avatars.githubusercontent.com github-cloud.s3.amazonaws.com objects.githubusercontent.com secured-user-images.githubusercontent.com/ user-images.githubusercontent.com/ private-user-images.githubusercontent.com opengraph.githubassets.com github-production-user-asset-6210df.s3.amazonaws.com customer-stories-feed.github.com spotlights-feed.github.com objects-origin.githubusercontent.com *.githubusercontent.com; manifest-src 'self'; media-src github.com user-images.githubusercontent.com/ secured-user-images.githubusercontent.com/ private-user-images.githubusercontent.com github-production-user-asset-6210df.s3.amazonaws.com gist.github.com; script-src github.githubassets.com; style-src 'unsafe-inline' github.githubassets.com; upgrade-insecure-requests; worker-src github.com/assets-cdn/worker/ gist.github.com/assets-cdn/worker/
Set-Cookie: _gh_sess=UyUalbjpuFTBrXy6ca3vsqEQ6ElV0VzL7AmpkAPxm%2BoTzZXLn2Vz%2Fbo0FMtAlualqErTt4hVy22VRikXBF%2BNYmjTanJbZy%2Bn7k0frqR8F7v2b4ICO6IDqOtgJLN83zuKOLcsgk%2Bd7ZKdQMeq4JagWr%2BmRh1T14c4by2cklnMkw7JWbwfzUx%2FI5fXfyTAQBEUJoKpM9n4DHwqXXvhNsAvbEbUVi4GVbSKbXoWSiBCphw9xGosFVWnbXBUgmkYosl8NQR41QAwwwJfaPioIihwFQ%3D%3D--G1oskNkKn51pM%2Bp3--mnX8aj5JeHEUnelKmSGKxA%3D%3D; Path=/; HttpOnly; Secure; SameSite=Lax
Set-Cookie: _octo=GH1.1.1147628680.1701114089; Path=/; Domain=github.com; Expires=Wed, 27 Nov 2024 19:41:29 GMT; Secure; SameSite=Lax
Set-Cookie: logged_in=no; Path=/; Domain=github.com; Expires=Wed, 27 Nov 2024 19:41:29 GMT; HttpOnly; Secure; SameSite=Lax
Accept-Ranges: bytes
Transfer-Encoding: chunked
X-GitHub-Request-Id: C722:41434:CAF9E:E71E9:6564F0E8
connection: close

]
[2023-11-28 01:11:43,700: INFO: data_ingestion: artifacts/data_ingestion]
[2023-11-28 01:11:43,776: ERROR: main: File is not a zip file]
Traceback (most recent call last):
  File "C:\anuj\Computer Science\code\Wine_quality_Assessment\main.py", line 9, in <module>
    data_ingestion.main()
  File "c:\anuj\computer science\code\wine_quality_assessment\src\mlProject\pipeline\stage_01_data_ingestion.py", line 17, in main
    data_ingestion.extract_zip_file()
  File "c:\anuj\computer science\code\wine_quality_assessment\src\mlProject\components\data_ingestion.py", line 36, in extract_zip_file
    with zipfile.ZipFile(self.config.local_data_file, 'r') as zip_ref:
         ^^^^^^^^^^^^^^^^^^^^^^^^^^^^^^^^^^^^^^^^^^^^^^^^^
  File "C:\Program Files\Python311\Lib\zipfile.py", line 1302, in __init__
    self._RealGetContents()
  File "C:\Program Files\Python311\Lib\zipfile.py", line 1369, in _RealGetContents
    raise BadZipFile("File is not a zip file")
zipfile.BadZipFile: File is not a zip file
[2023-11-28 10:21:36,074: INFO: common: yaml file: config\config.yaml loaded successfully]
[2023-11-28 10:21:36,077: INFO: common: yaml file: params.yaml loaded successfully]
[2023-11-28 10:21:36,082: INFO: common: yaml file: schema.yaml loaded successfully]
[2023-11-28 10:21:36,085: INFO: common: created directory at: artifacts]
[2023-11-28 10:21:36,088: INFO: common: created directory at: artifacts/data_ingestion]
[2023-11-28 10:21:40,975: INFO: 397179955: artifacts/data_ingestion/data.zip download! with following info: 
Server: GitHub.com
Date: Tue, 28 Nov 2023 04:51:36 GMT
Content-Type: text/html; charset=utf-8
Vary: X-PJAX, X-PJAX-Container, Turbo-Visit, Turbo-Frame, Accept-Encoding, Accept, X-Requested-With
ETag: W/"0da476f1450a7c2fcf64c3aef2e3260c"
Cache-Control: max-age=0, private, must-revalidate
Strict-Transport-Security: max-age=31536000; includeSubdomains; preload
X-Frame-Options: deny
X-Content-Type-Options: nosniff
X-XSS-Protection: 0
Referrer-Policy: no-referrer-when-downgrade
Content-Security-Policy: default-src 'none'; base-uri 'self'; child-src github.com/assets-cdn/worker/ gist.github.com/assets-cdn/worker/; connect-src 'self' uploads.github.com www.githubstatus.com collector.github.com raw.githubusercontent.com api.githubcopilot.com api.github.com github-cloud.s3.amazonaws.com github-production-repository-file-5c1aeb.s3.amazonaws.com github-production-upload-manifest-file-7fdce7.s3.amazonaws.com github-production-user-asset-6210df.s3.amazonaws.com cdn.optimizely.com logx.optimizely.com/v1/events objects-origin.githubusercontent.com *.actions.githubusercontent.com wss://*.actions.githubusercontent.com productionresultssa0.blob.core.windows.net/ productionresultssa1.blob.core.windows.net/ productionresultssa2.blob.core.windows.net/ productionresultssa3.blob.core.windows.net/ productionresultssa4.blob.core.windows.net/ productionresultssa5.blob.core.windows.net/ productionresultssa6.blob.core.windows.net/ productionresultssa7.blob.core.windows.net/ productionresultssa8.blob.core.windows.net/ productionresultssa9.blob.core.windows.net/ github-production-repository-image-32fea6.s3.amazonaws.com github-production-release-asset-2e65be.s3.amazonaws.com insights.github.com wss://alive.github.com; font-src github.githubassets.com; form-action 'self' github.com gist.github.com objects-origin.githubusercontent.com; frame-ancestors 'none'; frame-src viewscreen.githubusercontent.com notebooks.githubusercontent.com support.github.com; img-src 'self' data: github.githubassets.com media.githubusercontent.com camo.githubusercontent.com identicons.github.com avatars.githubusercontent.com github-cloud.s3.amazonaws.com objects.githubusercontent.com secured-user-images.githubusercontent.com/ user-images.githubusercontent.com/ private-user-images.githubusercontent.com opengraph.githubassets.com github-production-user-asset-6210df.s3.amazonaws.com customer-stories-feed.github.com spotlights-feed.github.com objects-origin.githubusercontent.com *.githubusercontent.com; manifest-src 'self'; media-src github.com user-images.githubusercontent.com/ secured-user-images.githubusercontent.com/ private-user-images.githubusercontent.com github-production-user-asset-6210df.s3.amazonaws.com gist.github.com; script-src github.githubassets.com; style-src 'unsafe-inline' github.githubassets.com; upgrade-insecure-requests; worker-src github.com/assets-cdn/worker/ gist.github.com/assets-cdn/worker/
Set-Cookie: _gh_sess=EYdiuJQ3c9p1jpwfeCDDUmOQ%2FjM4VrRIqhGLN3LAEq1040TNbEFlvrSspHqQcXQV7A3aOw3n%2F%2FZHZ2l%2Bzgba6slYGKebRXXKqV0178OLTrnqldJUZj7X%2BphXzymSEh2ldqFbuxOqvcgbdJmuBJQTqL%2BQwbvsP4y1YQGWOhHbPLvbIk6fvSMZB9kxVejdtoz4sSLN0zwdhLuFyn2dpkhP2QGsUdlF0n3P7ypmIN9FxA9IqhuMCc7HrTw55MlRfm2Zpw648ywk60vY05cM1DPFQA%3D%3D--QlG5IKLl75tUK8jX--H8k6dyYPvDGyucyMZfXukw%3D%3D; Path=/; HttpOnly; Secure; SameSite=Lax
Set-Cookie: _octo=GH1.1.501188830.1701147095; Path=/; Domain=github.com; Expires=Thu, 28 Nov 2024 04:51:35 GMT; Secure; SameSite=Lax
Set-Cookie: logged_in=no; Path=/; Domain=github.com; Expires=Thu, 28 Nov 2024 04:51:35 GMT; HttpOnly; Secure; SameSite=Lax
Accept-Ranges: bytes
Transfer-Encoding: chunked
X-GitHub-Request-Id: CA76:6989B:151321:191136:656571D7
connection: close

]
[2023-11-28 10:21:40,976: INFO: 397179955: artifacts/data_ingestion]
[2023-11-28 10:28:21,445: INFO: common: yaml file: config\config.yaml loaded successfully]
[2023-11-28 10:28:21,448: INFO: common: yaml file: params.yaml loaded successfully]
[2023-11-28 10:28:21,452: INFO: common: yaml file: schema.yaml loaded successfully]
[2023-11-28 10:28:21,454: INFO: common: created directory at: artifacts]
[2023-11-28 10:28:21,456: INFO: common: created directory at: artifacts/data_ingestion]
[2023-11-28 10:28:21,458: INFO: 397179955: File already exists of size: ~ 127 KB]
[2023-11-28 10:28:21,459: INFO: 397179955: artifacts/data_ingestion]
[2023-11-28 10:29:18,092: INFO: common: yaml file: config\config.yaml loaded successfully]
[2023-11-28 10:29:18,095: INFO: common: yaml file: params.yaml loaded successfully]
[2023-11-28 10:29:18,098: INFO: common: yaml file: schema.yaml loaded successfully]
[2023-11-28 10:29:18,101: INFO: common: created directory at: artifacts]
[2023-11-28 10:29:18,103: INFO: common: created directory at: artifacts/data_ingestion]
[2023-11-28 10:29:18,104: INFO: 397179955: File already exists of size: ~ 127 KB]
[2023-11-28 10:29:18,106: INFO: 397179955: artifacts/data_ingestion]
[2023-11-28 10:30:37,609: INFO: common: yaml file: config\config.yaml loaded successfully]
[2023-11-28 10:30:37,613: INFO: common: yaml file: params.yaml loaded successfully]
[2023-11-28 10:30:37,617: INFO: common: yaml file: schema.yaml loaded successfully]
[2023-11-28 10:30:37,619: INFO: common: created directory at: artifacts]
[2023-11-28 10:30:37,620: INFO: common: created directory at: artifacts/data_ingestion]
[2023-11-28 10:30:37,622: INFO: 397179955: File already exists of size: ~ 23 KB]
[2023-11-28 10:30:37,623: INFO: 397179955: artifacts/data_ingestion]
[2023-11-28 10:32:00,009: INFO: main: >>>>>> stage Data Ingestion stage started <<<<<<]
[2023-11-28 10:32:00,012: INFO: common: yaml file: config\config.yaml loaded successfully]
[2023-11-28 10:32:00,013: INFO: common: yaml file: params.yaml loaded successfully]
[2023-11-28 10:32:00,017: INFO: common: yaml file: schema.yaml loaded successfully]
[2023-11-28 10:32:00,020: INFO: common: created directory at: artifacts]
[2023-11-28 10:32:00,021: INFO: common: created directory at: artifacts/data_ingestion]
[2023-11-28 10:32:00,022: INFO: data_ingestion: File already exists of size: ~ 23 KB]
[2023-11-28 10:32:00,023: INFO: main: >>>>>> stage Data Ingestion stage completed <<<<<<

x==========x]
[2023-11-28 10:52:26,283: INFO: common: yaml file: config\config.yaml loaded successfully]
[2023-11-28 10:52:26,287: INFO: common: yaml file: params.yaml loaded successfully]
[2023-11-28 10:52:26,291: INFO: common: yaml file: schema.yaml loaded successfully]
[2023-11-28 10:52:26,294: INFO: common: created directory at: artifacts]
[2023-11-28 10:52:26,295: INFO: common: created directory at: artifacts/data_validation]
[2023-11-28 10:53:37,615: INFO: common: yaml file: config\config.yaml loaded successfully]
[2023-11-28 10:53:37,618: INFO: common: yaml file: params.yaml loaded successfully]
[2023-11-28 10:53:37,634: INFO: common: yaml file: schema.yaml loaded successfully]
[2023-11-28 10:53:37,637: INFO: common: created directory at: artifacts]
[2023-11-28 10:53:37,639: INFO: common: created directory at: artifacts/data_validation]
[2023-11-28 10:53:57,057: INFO: common: yaml file: config\config.yaml loaded successfully]
[2023-11-28 10:53:57,059: INFO: common: yaml file: params.yaml loaded successfully]
[2023-11-28 10:53:57,065: INFO: common: yaml file: schema.yaml loaded successfully]
[2023-11-28 10:53:57,067: INFO: common: created directory at: artifacts]
[2023-11-28 10:53:57,069: INFO: common: created directory at: artifacts/data_validation]
[2023-11-28 11:00:38,642: INFO: main: >>>>>> stage Data Ingestion stage started <<<<<<]
[2023-11-28 11:00:38,644: INFO: common: yaml file: config\config.yaml loaded successfully]
[2023-11-28 11:00:38,644: INFO: common: yaml file: params.yaml loaded successfully]
[2023-11-28 11:00:38,646: INFO: common: yaml file: schema.yaml loaded successfully]
[2023-11-28 11:00:38,646: INFO: common: created directory at: artifacts]
[2023-11-28 11:00:38,646: INFO: common: created directory at: artifacts/data_ingestion]
[2023-11-28 11:00:38,647: INFO: data_ingestion: File already exists of size: ~ 23 KB]
[2023-11-28 11:00:38,648: INFO: main: >>>>>> stage Data Ingestion stage completed <<<<<<

x==========x]
[2023-11-28 11:00:38,648: INFO: main: >>>>>> stage Data Validation stage started <<<<<<]
[2023-11-28 11:00:38,650: INFO: common: yaml file: config\config.yaml loaded successfully]
[2023-11-28 11:00:38,651: INFO: common: yaml file: params.yaml loaded successfully]
[2023-11-28 11:00:38,652: INFO: common: yaml file: schema.yaml loaded successfully]
[2023-11-28 11:00:38,654: INFO: common: created directory at: artifacts]
[2023-11-28 11:00:38,654: INFO: common: created directory at: artifacts/data_validation]
[2023-11-28 11:00:38,668: INFO: main: >>>>>> stage Data Validation stage completed <<<<<<

x==========x]
[2023-11-28 11:20:11,927: INFO: common: yaml file: config\config.yaml loaded successfully]
[2023-11-28 11:20:11,934: INFO: common: yaml file: params.yaml loaded successfully]
[2023-11-28 11:20:11,939: INFO: common: yaml file: schema.yaml loaded successfully]
[2023-11-28 11:20:11,942: INFO: common: created directory at: artifacts]
[2023-11-28 11:20:11,943: INFO: common: created directory at: artifacts/data_transformation]
[2023-11-28 11:20:11,983: INFO: 741865018: Splited data into training and test sets]
[2023-11-28 11:20:11,985: INFO: 741865018: (1199, 12)]
[2023-11-28 11:20:11,985: INFO: 741865018: (400, 12)]
[2023-11-28 11:27:52,992: INFO: main: >>>>>> stage Data Ingestion stage started <<<<<<]
[2023-11-28 11:27:52,993: INFO: common: yaml file: config\config.yaml loaded successfully]
[2023-11-28 11:27:52,994: INFO: common: yaml file: params.yaml loaded successfully]
[2023-11-28 11:27:52,996: INFO: common: yaml file: schema.yaml loaded successfully]
[2023-11-28 11:27:52,996: INFO: common: created directory at: artifacts]
[2023-11-28 11:27:52,996: INFO: common: created directory at: artifacts/data_ingestion]
[2023-11-28 11:27:52,997: INFO: data_ingestion: File already exists of size: ~ 23 KB]
[2023-11-28 11:27:52,997: INFO: main: >>>>>> stage Data Ingestion stage completed <<<<<<

x==========x]
[2023-11-28 11:27:52,998: INFO: main: >>>>>> stage Data Validation stage started <<<<<<]
[2023-11-28 11:27:53,000: INFO: common: yaml file: config\config.yaml loaded successfully]
[2023-11-28 11:27:53,000: INFO: common: yaml file: params.yaml loaded successfully]
[2023-11-28 11:27:53,002: INFO: common: yaml file: schema.yaml loaded successfully]
[2023-11-28 11:27:53,002: INFO: common: created directory at: artifacts]
[2023-11-28 11:27:53,002: INFO: common: created directory at: artifacts/data_validation]
[2023-11-28 11:27:53,009: INFO: main: >>>>>> stage Data Validation stage completed <<<<<<

x==========x]
[2023-11-28 11:27:53,009: INFO: main: >>>>>> stage Data Transformation stage started <<<<<<]
[2023-11-28 11:27:53,017: INFO: common: yaml file: config\config.yaml loaded successfully]
[2023-11-28 11:27:53,018: INFO: common: yaml file: params.yaml loaded successfully]
[2023-11-28 11:27:53,019: INFO: common: yaml file: schema.yaml loaded successfully]
[2023-11-28 11:27:53,020: INFO: common: created directory at: artifacts]
[2023-11-28 11:27:53,020: INFO: common: created directory at: artifacts/data_transformation]
[2023-11-28 11:27:53,035: INFO: data_transformation: Splited data into training and test sets]
[2023-11-28 11:27:53,035: INFO: data_transformation: (1199, 12)]
[2023-11-28 11:27:53,036: INFO: data_transformation: (400, 12)]
[2023-11-28 11:27:53,036: INFO: main: >>>>>> stage Data Transformation stage completed <<<<<<

x==========x]
[2023-11-28 12:07:28,040: INFO: common: yaml file: config\config.yaml loaded successfully]
[2023-11-28 12:07:28,041: INFO: common: yaml file: params.yaml loaded successfully]
[2023-11-28 12:07:28,043: INFO: common: yaml file: schema.yaml loaded successfully]
[2023-11-28 12:07:28,045: INFO: common: created directory at: artifacts]
[2023-11-28 12:07:28,046: INFO: common: created directory at: artifacts/model_trainer]
[2023-11-28 12:07:44,147: INFO: common: yaml file: config\config.yaml loaded successfully]
[2023-11-28 12:07:44,149: INFO: common: yaml file: params.yaml loaded successfully]
[2023-11-28 12:07:44,151: INFO: common: yaml file: schema.yaml loaded successfully]
[2023-11-28 12:07:44,151: INFO: common: created directory at: artifacts]
[2023-11-28 12:07:44,153: INFO: common: created directory at: artifacts/model_trainer]
[2023-11-28 12:26:10,424: INFO: main: >>>>>> stage Data Ingestion stage started <<<<<<]
[2023-11-28 12:26:10,435: INFO: common: yaml file: config\config.yaml loaded successfully]
[2023-11-28 12:26:10,443: INFO: common: yaml file: params.yaml loaded successfully]
[2023-11-28 12:26:10,453: INFO: common: yaml file: schema.yaml loaded successfully]
[2023-11-28 12:26:10,454: INFO: common: created directory at: artifacts]
[2023-11-28 12:26:10,455: INFO: common: created directory at: artifacts/data_ingestion]
[2023-11-28 12:26:10,456: INFO: data_ingestion: File already exists of size: ~ 23 KB]
[2023-11-28 12:26:10,456: INFO: main: >>>>>> stage Data Ingestion stage completed <<<<<<

x==========x]
[2023-11-28 12:26:10,457: INFO: main: >>>>>> stage Data Validation stage started <<<<<<]
[2023-11-28 12:26:10,463: INFO: common: yaml file: config\config.yaml loaded successfully]
[2023-11-28 12:26:10,465: INFO: common: yaml file: params.yaml loaded successfully]
[2023-11-28 12:26:10,473: INFO: common: yaml file: schema.yaml loaded successfully]
[2023-11-28 12:26:10,474: INFO: common: created directory at: artifacts]
[2023-11-28 12:26:10,475: INFO: common: created directory at: artifacts/data_validation]
[2023-11-28 12:26:10,508: INFO: main: >>>>>> stage Data Validation stage completed <<<<<<

x==========x]
[2023-11-28 12:26:10,509: INFO: main: >>>>>> stage Data Transformation stage started <<<<<<]
[2023-11-28 12:26:10,522: INFO: common: yaml file: config\config.yaml loaded successfully]
[2023-11-28 12:26:10,524: INFO: common: yaml file: params.yaml loaded successfully]
[2023-11-28 12:26:10,527: INFO: common: yaml file: schema.yaml loaded successfully]
[2023-11-28 12:26:10,529: INFO: common: created directory at: artifacts]
[2023-11-28 12:26:10,530: INFO: common: created directory at: artifacts/data_transformation]
[2023-11-28 12:26:10,565: INFO: data_transformation: Splited data into training and test sets]
[2023-11-28 12:26:10,565: INFO: data_transformation: (1199, 12)]
[2023-11-28 12:26:10,566: INFO: data_transformation: (400, 12)]
[2023-11-28 12:26:10,567: INFO: main: >>>>>> stage Data Transformation stage completed <<<<<<

x==========x]
[2023-11-28 12:26:10,568: INFO: main: >>>>>> stage Model Trainer stage started <<<<<<]
[2023-11-28 12:26:10,572: INFO: common: yaml file: config\config.yaml loaded successfully]
[2023-11-28 12:26:10,573: INFO: common: yaml file: params.yaml loaded successfully]
[2023-11-28 12:26:10,577: INFO: common: yaml file: schema.yaml loaded successfully]
[2023-11-28 12:26:10,578: INFO: common: created directory at: artifacts]
[2023-11-28 12:26:10,579: INFO: common: created directory at: artifacts/model_trainer]
[2023-11-28 12:26:10,580: ERROR: main: 'NoneType' object has no attribute 'train_data_path']
Traceback (most recent call last):
  File "C:\anuj\Computer Science\code\Wine_quality_Assessment\main.py", line 41, in <module>
    data_ingestion.main()
  File "c:\anuj\computer science\code\wine_quality_assessment\src\mlProject\pipeline\stage_04_model_trainer.py", line 19, in main
    model_trainer_config.train()
  File "c:\anuj\computer science\code\wine_quality_assessment\src\mlProject\components\model_trainer.py", line 13, in train
    train_data = pd.read_csv(self.config.train_data_path)
                             ^^^^^^^^^^^^^^^^^^^^^^^^^^^
AttributeError: 'NoneType' object has no attribute 'train_data_path'
[2023-11-28 12:27:26,324: INFO: common: yaml file: config\config.yaml loaded successfully]
[2023-11-28 12:27:26,327: INFO: common: yaml file: params.yaml loaded successfully]
[2023-11-28 12:27:26,332: INFO: common: yaml file: schema.yaml loaded successfully]
[2023-11-28 12:27:26,335: INFO: common: created directory at: artifacts]
[2023-11-28 12:27:26,338: INFO: common: created directory at: artifacts/model_trainer]
[2023-11-28 12:29:40,121: INFO: main: >>>>>> stage Data Ingestion stage started <<<<<<]
[2023-11-28 12:29:40,125: INFO: common: yaml file: config\config.yaml loaded successfully]
[2023-11-28 12:29:40,127: INFO: common: yaml file: params.yaml loaded successfully]
[2023-11-28 12:29:40,130: INFO: common: yaml file: schema.yaml loaded successfully]
[2023-11-28 12:29:40,131: INFO: common: created directory at: artifacts]
[2023-11-28 12:29:40,131: INFO: common: created directory at: artifacts/data_ingestion]
[2023-11-28 12:29:40,132: INFO: data_ingestion: File already exists of size: ~ 23 KB]
[2023-11-28 12:29:40,132: INFO: main: >>>>>> stage Data Ingestion stage completed <<<<<<

x==========x]
[2023-11-28 12:29:40,133: INFO: main: >>>>>> stage Data Validation stage started <<<<<<]
[2023-11-28 12:29:40,138: INFO: common: yaml file: config\config.yaml loaded successfully]
[2023-11-28 12:29:40,140: INFO: common: yaml file: params.yaml loaded successfully]
[2023-11-28 12:29:40,144: INFO: common: yaml file: schema.yaml loaded successfully]
[2023-11-28 12:29:40,145: INFO: common: created directory at: artifacts]
[2023-11-28 12:29:40,147: INFO: common: created directory at: artifacts/data_validation]
[2023-11-28 12:29:40,166: INFO: main: >>>>>> stage Data Validation stage completed <<<<<<

x==========x]
[2023-11-28 12:29:40,168: INFO: main: >>>>>> stage Data Transformation stage started <<<<<<]
[2023-11-28 12:29:40,185: INFO: common: yaml file: config\config.yaml loaded successfully]
[2023-11-28 12:29:40,192: INFO: common: yaml file: params.yaml loaded successfully]
[2023-11-28 12:29:40,197: INFO: common: yaml file: schema.yaml loaded successfully]
[2023-11-28 12:29:40,202: INFO: common: created directory at: artifacts]
[2023-11-28 12:29:40,204: INFO: common: created directory at: artifacts/data_transformation]
[2023-11-28 12:29:40,244: INFO: data_transformation: Splited data into training and test sets]
[2023-11-28 12:29:40,245: INFO: data_transformation: (1199, 12)]
[2023-11-28 12:29:40,245: INFO: data_transformation: (400, 12)]
[2023-11-28 12:29:40,246: INFO: main: >>>>>> stage Data Transformation stage completed <<<<<<

x==========x]
[2023-11-28 12:29:40,246: INFO: main: >>>>>> stage Model Trainer stage started <<<<<<]
[2023-11-28 12:29:40,249: INFO: common: yaml file: config\config.yaml loaded successfully]
[2023-11-28 12:29:40,251: INFO: common: yaml file: params.yaml loaded successfully]
[2023-11-28 12:29:40,254: INFO: common: yaml file: schema.yaml loaded successfully]
[2023-11-28 12:29:40,255: INFO: common: created directory at: artifacts]
[2023-11-28 12:29:40,256: INFO: common: created directory at: artifacts/model_trainer]
[2023-11-28 12:29:40,310: INFO: main: >>>>>> stage Model Trainer stage completed <<<<<<

x==========x]
[2023-11-28 12:57:20,518: INFO: main: >>>>>> stage Data Ingestion stage started <<<<<<]
[2023-11-28 12:57:20,525: INFO: common: yaml file: config\config.yaml loaded successfully]
[2023-11-28 12:57:20,530: INFO: common: yaml file: params.yaml loaded successfully]
[2023-11-28 12:57:20,535: INFO: common: yaml file: schema.yaml loaded successfully]
[2023-11-28 12:57:20,538: INFO: common: created directory at: artifacts]
[2023-11-28 12:57:20,540: INFO: common: created directory at: artifacts/data_ingestion]
[2023-11-28 12:57:20,544: INFO: data_ingestion: File already exists of size: ~ 23 KB]
[2023-11-28 12:57:20,545: INFO: main: >>>>>> stage Data Ingestion stage completed <<<<<<

x==========x]
[2023-11-28 12:57:20,546: INFO: main: >>>>>> stage Data Validation stage started <<<<<<]
[2023-11-28 12:57:20,556: INFO: common: yaml file: config\config.yaml loaded successfully]
[2023-11-28 12:57:20,559: INFO: common: yaml file: params.yaml loaded successfully]
[2023-11-28 12:57:20,563: INFO: common: yaml file: schema.yaml loaded successfully]
[2023-11-28 12:57:20,568: INFO: common: created directory at: artifacts]
[2023-11-28 12:57:20,579: INFO: common: created directory at: artifacts/data_validation]
[2023-11-28 12:57:20,607: INFO: main: >>>>>> stage Data Validation stage completed <<<<<<

x==========x]
[2023-11-28 12:57:20,610: INFO: main: >>>>>> stage Data Transformation stage started <<<<<<]
[2023-11-28 12:57:20,629: INFO: common: yaml file: config\config.yaml loaded successfully]
[2023-11-28 12:57:20,632: INFO: common: yaml file: params.yaml loaded successfully]
[2023-11-28 12:57:20,638: INFO: common: yaml file: schema.yaml loaded successfully]
[2023-11-28 12:57:20,640: INFO: common: created directory at: artifacts]
[2023-11-28 12:57:20,641: INFO: common: created directory at: artifacts/data_transformation]
[2023-11-28 12:57:20,681: INFO: data_transformation: Splited data into training and test sets]
[2023-11-28 12:57:20,683: INFO: data_transformation: (1199, 12)]
[2023-11-28 12:57:20,683: INFO: data_transformation: (400, 12)]
[2023-11-28 12:57:20,684: INFO: main: >>>>>> stage Data Transformation stage completed <<<<<<

x==========x]
[2023-11-28 12:57:20,685: INFO: main: >>>>>> stage Model Trainer stage started <<<<<<]
[2023-11-28 12:57:20,689: INFO: common: yaml file: config\config.yaml loaded successfully]
[2023-11-28 12:57:20,691: INFO: common: yaml file: params.yaml loaded successfully]
[2023-11-28 12:57:20,696: INFO: common: yaml file: schema.yaml loaded successfully]
[2023-11-28 12:57:20,698: INFO: common: created directory at: artifacts]
[2023-11-28 12:57:20,710: INFO: common: created directory at: artifacts/model_trainer]
[2023-11-28 12:57:20,781: INFO: main: >>>>>> stage Model Trainer stage completed <<<<<<

x==========x]
[2023-11-28 14:57:57,647: INFO: common: yaml file: config\config.yaml loaded successfully]
[2023-11-28 14:57:57,649: INFO: common: yaml file: params.yaml loaded successfully]
[2023-11-28 14:57:57,651: INFO: common: yaml file: schema.yaml loaded successfully]
[2023-11-28 14:57:57,652: INFO: common: created directory at: artifacts]
[2023-11-28 14:57:57,653: INFO: common: created directory at: artifacts/model_evaluation]
[2023-11-28 14:57:59,250: INFO: common: json file saved at: artifacts\model_evaluation\metrics.json]
[2023-11-28 14:59:26,695: INFO: utils: Note: NumExpr detected 16 cores but "NUMEXPR_MAX_THREADS" not set, so enforcing safe limit of 8.]
[2023-11-28 14:59:26,697: INFO: utils: NumExpr defaulting to 8 threads.]
[2023-11-28 14:59:28,580: INFO: common: yaml file: config\config.yaml loaded successfully]
[2023-11-28 14:59:28,582: INFO: common: yaml file: params.yaml loaded successfully]
[2023-11-28 14:59:28,586: INFO: common: yaml file: schema.yaml loaded successfully]
[2023-11-28 14:59:28,587: INFO: common: created directory at: artifacts]
[2023-11-28 14:59:28,588: INFO: common: created directory at: artifacts/model_evaluation]
[2023-11-28 14:59:30,945: INFO: common: json file saved at: artifacts\model_evaluation\metrics.json]
[2023-11-28 15:07:43,970: INFO: common: yaml file: config\config.yaml loaded successfully]
[2023-11-28 15:07:43,972: INFO: common: yaml file: params.yaml loaded successfully]
[2023-11-28 15:07:43,974: INFO: common: yaml file: schema.yaml loaded successfully]
[2023-11-28 15:07:43,977: INFO: common: created directory at: artifacts]
[2023-11-28 15:07:43,977: INFO: common: created directory at: artifacts/model_evaluation]
[2023-11-28 15:07:44,595: INFO: common: json file saved at: artifacts\model_evaluation\metrics.json]
[2023-11-28 15:11:31,644: INFO: utils: Note: NumExpr detected 16 cores but "NUMEXPR_MAX_THREADS" not set, so enforcing safe limit of 8.]
[2023-11-28 15:11:31,645: INFO: utils: NumExpr defaulting to 8 threads.]
[2023-11-28 15:11:33,554: INFO: common: yaml file: config\config.yaml loaded successfully]
[2023-11-28 15:11:33,560: INFO: common: yaml file: params.yaml loaded successfully]
[2023-11-28 15:11:33,564: INFO: common: yaml file: schema.yaml loaded successfully]
[2023-11-28 15:11:33,566: INFO: common: created directory at: artifacts]
[2023-11-28 15:11:33,566: INFO: common: created directory at: artifacts/model_evaluation]
[2023-11-28 15:11:34,799: INFO: common: json file saved at: artifacts\model_evaluation\metrics.json]
[2023-11-28 15:19:57,176: INFO: main: >>>>>> stage Data Ingestion stage started <<<<<<]
[2023-11-28 15:19:57,180: INFO: common: yaml file: config\config.yaml loaded successfully]
[2023-11-28 15:19:57,181: INFO: common: yaml file: params.yaml loaded successfully]
[2023-11-28 15:19:57,182: INFO: common: yaml file: schema.yaml loaded successfully]
[2023-11-28 15:19:57,183: INFO: common: created directory at: artifacts]
[2023-11-28 15:19:57,183: INFO: common: created directory at: artifacts/data_ingestion]
[2023-11-28 15:19:57,184: INFO: data_ingestion: File already exists of size: ~ 23 KB]
[2023-11-28 15:19:57,184: INFO: main: >>>>>> stage Data Ingestion stage completed <<<<<<

x==========x]
[2023-11-28 15:19:57,184: INFO: main: >>>>>> stage Data Validation stage started <<<<<<]
[2023-11-28 15:19:57,186: INFO: common: yaml file: config\config.yaml loaded successfully]
[2023-11-28 15:19:57,188: INFO: common: yaml file: params.yaml loaded successfully]
[2023-11-28 15:19:57,189: INFO: common: yaml file: schema.yaml loaded successfully]
[2023-11-28 15:19:57,189: INFO: common: created directory at: artifacts]
[2023-11-28 15:19:57,190: INFO: common: created directory at: artifacts/data_validation]
[2023-11-28 15:19:57,197: INFO: main: >>>>>> stage Data Validation stage completed <<<<<<

x==========x]
[2023-11-28 15:19:57,197: INFO: main: >>>>>> stage Data Transformation stage started <<<<<<]
[2023-11-28 15:19:57,205: INFO: common: yaml file: config\config.yaml loaded successfully]
[2023-11-28 15:19:57,206: INFO: common: yaml file: params.yaml loaded successfully]
[2023-11-28 15:19:57,207: INFO: common: yaml file: schema.yaml loaded successfully]
[2023-11-28 15:19:57,208: INFO: common: created directory at: artifacts]
[2023-11-28 15:19:57,208: INFO: common: created directory at: artifacts/data_transformation]
[2023-11-28 15:19:57,223: INFO: data_transformation: Splited data into training and test sets]
[2023-11-28 15:19:57,223: INFO: data_transformation: (1199, 12)]
[2023-11-28 15:19:57,224: INFO: data_transformation: (400, 12)]
[2023-11-28 15:19:57,224: INFO: main: >>>>>> stage Data Transformation stage completed <<<<<<

x==========x]
[2023-11-28 15:19:57,225: INFO: main: >>>>>> stage Model Trainer stage started <<<<<<]
[2023-11-28 15:19:57,227: INFO: common: yaml file: config\config.yaml loaded successfully]
[2023-11-28 15:19:57,228: INFO: common: yaml file: params.yaml loaded successfully]
[2023-11-28 15:19:57,229: INFO: common: yaml file: schema.yaml loaded successfully]
[2023-11-28 15:19:57,229: INFO: common: created directory at: artifacts]
[2023-11-28 15:19:57,230: INFO: common: created directory at: artifacts/model_trainer]
[2023-11-28 15:19:57,253: INFO: main: >>>>>> stage Model Trainer stage completed <<<<<<

x==========x]
[2023-11-28 15:19:57,254: INFO: main: >>>>>> stage Model evaluation stage started <<<<<<]
[2023-11-28 15:19:57,255: INFO: common: yaml file: config\config.yaml loaded successfully]
[2023-11-28 15:19:57,256: INFO: common: yaml file: params.yaml loaded successfully]
[2023-11-28 15:19:57,258: INFO: common: yaml file: schema.yaml loaded successfully]
[2023-11-28 15:19:57,258: INFO: common: created directory at: artifacts]
[2023-11-28 15:19:57,259: INFO: common: created directory at: artifacts/model_evaluation]
[2023-11-28 15:19:57,456: INFO: common: json file saved at: artifacts\model_evaluation\metrics.json]
[2023-11-28 15:20:00,867: INFO: main: >>>>>> stage Model evaluation stage completed <<<<<<

x==========x]
[2023-11-28 15:23:09,516: INFO: main: >>>>>> stage Data Ingestion stage started <<<<<<]
[2023-11-28 15:23:09,518: INFO: common: yaml file: config\config.yaml loaded successfully]
[2023-11-28 15:23:09,519: INFO: common: yaml file: params.yaml loaded successfully]
[2023-11-28 15:23:09,520: INFO: common: yaml file: schema.yaml loaded successfully]
[2023-11-28 15:23:09,521: INFO: common: created directory at: artifacts]
[2023-11-28 15:23:09,521: INFO: common: created directory at: artifacts/data_ingestion]
[2023-11-28 15:23:09,522: INFO: data_ingestion: File already exists of size: ~ 23 KB]
[2023-11-28 15:23:09,522: INFO: main: >>>>>> stage Data Ingestion stage completed <<<<<<

x==========x]
[2023-11-28 15:23:09,522: INFO: main: >>>>>> stage Data Validation stage started <<<<<<]
[2023-11-28 15:23:09,523: INFO: common: yaml file: config\config.yaml loaded successfully]
[2023-11-28 15:23:09,524: INFO: common: yaml file: params.yaml loaded successfully]
[2023-11-28 15:23:09,525: INFO: common: yaml file: schema.yaml loaded successfully]
[2023-11-28 15:23:09,525: INFO: common: created directory at: artifacts]
[2023-11-28 15:23:09,525: INFO: common: created directory at: artifacts/data_validation]
[2023-11-28 15:23:09,533: INFO: main: >>>>>> stage Data Validation stage completed <<<<<<

x==========x]
[2023-11-28 15:23:09,533: INFO: main: >>>>>> stage Data Transformation stage started <<<<<<]
[2023-11-28 15:23:09,537: INFO: common: yaml file: config\config.yaml loaded successfully]
[2023-11-28 15:23:09,537: INFO: common: yaml file: params.yaml loaded successfully]
[2023-11-28 15:23:09,538: INFO: common: yaml file: schema.yaml loaded successfully]
[2023-11-28 15:23:09,539: INFO: common: created directory at: artifacts]
[2023-11-28 15:23:09,539: INFO: common: created directory at: artifacts/data_transformation]
[2023-11-28 15:23:09,553: INFO: data_transformation: Splited data into training and test sets]
[2023-11-28 15:23:09,554: INFO: data_transformation: (1199, 12)]
[2023-11-28 15:23:09,554: INFO: data_transformation: (400, 12)]
[2023-11-28 15:23:09,554: INFO: main: >>>>>> stage Data Transformation stage completed <<<<<<

x==========x]
[2023-11-28 15:23:09,554: INFO: main: >>>>>> stage Model Trainer stage started <<<<<<]
[2023-11-28 15:23:09,556: INFO: common: yaml file: config\config.yaml loaded successfully]
[2023-11-28 15:23:09,557: INFO: common: yaml file: params.yaml loaded successfully]
[2023-11-28 15:23:09,558: INFO: common: yaml file: schema.yaml loaded successfully]
[2023-11-28 15:23:09,559: INFO: common: created directory at: artifacts]
[2023-11-28 15:23:09,559: INFO: common: created directory at: artifacts/model_trainer]
[2023-11-28 15:23:09,589: INFO: main: >>>>>> stage Model Trainer stage completed <<<<<<

x==========x]
[2023-11-28 15:23:24,768: INFO: main: >>>>>> stage Data Ingestion stage started <<<<<<]
[2023-11-28 15:23:24,771: INFO: common: yaml file: config\config.yaml loaded successfully]
[2023-11-28 15:23:24,771: INFO: common: yaml file: params.yaml loaded successfully]
[2023-11-28 15:23:24,772: INFO: common: yaml file: schema.yaml loaded successfully]
[2023-11-28 15:23:24,773: INFO: common: created directory at: artifacts]
[2023-11-28 15:23:24,773: INFO: common: created directory at: artifacts/data_ingestion]
[2023-11-28 15:23:24,774: INFO: data_ingestion: File already exists of size: ~ 23 KB]
[2023-11-28 15:23:24,774: INFO: main: >>>>>> stage Data Ingestion stage completed <<<<<<

x==========x]
[2023-11-28 15:23:24,774: INFO: main: >>>>>> stage Data Validation stage started <<<<<<]
[2023-11-28 15:23:24,776: INFO: common: yaml file: config\config.yaml loaded successfully]
[2023-11-28 15:23:24,777: INFO: common: yaml file: params.yaml loaded successfully]
[2023-11-28 15:23:24,778: INFO: common: yaml file: schema.yaml loaded successfully]
[2023-11-28 15:23:24,779: INFO: common: created directory at: artifacts]
[2023-11-28 15:23:24,779: INFO: common: created directory at: artifacts/data_validation]
[2023-11-28 15:23:24,786: INFO: main: >>>>>> stage Data Validation stage completed <<<<<<

x==========x]
[2023-11-28 15:23:24,786: INFO: main: >>>>>> stage Data Transformation stage started <<<<<<]
[2023-11-28 15:23:24,790: INFO: common: yaml file: config\config.yaml loaded successfully]
[2023-11-28 15:23:24,791: INFO: common: yaml file: params.yaml loaded successfully]
[2023-11-28 15:23:24,792: INFO: common: yaml file: schema.yaml loaded successfully]
[2023-11-28 15:23:24,793: INFO: common: created directory at: artifacts]
[2023-11-28 15:23:24,793: INFO: common: created directory at: artifacts/data_transformation]
[2023-11-28 15:23:24,806: INFO: data_transformation: Splited data into training and test sets]
[2023-11-28 15:23:24,807: INFO: data_transformation: (1199, 12)]
[2023-11-28 15:23:24,807: INFO: data_transformation: (400, 12)]
[2023-11-28 15:23:24,807: INFO: main: >>>>>> stage Data Transformation stage completed <<<<<<

x==========x]
[2023-11-28 15:23:24,807: INFO: main: >>>>>> stage Model Trainer stage started <<<<<<]
[2023-11-28 15:23:24,810: INFO: common: yaml file: config\config.yaml loaded successfully]
[2023-11-28 15:23:24,811: INFO: common: yaml file: params.yaml loaded successfully]
[2023-11-28 15:23:24,811: INFO: common: yaml file: schema.yaml loaded successfully]
[2023-11-28 15:23:24,812: INFO: common: created directory at: artifacts]
[2023-11-28 15:23:24,812: INFO: common: created directory at: artifacts/model_trainer]
[2023-11-28 15:23:24,833: INFO: main: >>>>>> stage Model Trainer stage completed <<<<<<

x==========x]
[2023-11-28 15:23:24,834: INFO: main: >>>>>> stage Model evaluation stage started <<<<<<]
[2023-11-28 15:23:24,836: INFO: common: yaml file: config\config.yaml loaded successfully]
[2023-11-28 15:23:24,836: INFO: common: yaml file: params.yaml loaded successfully]
[2023-11-28 15:23:24,837: INFO: common: yaml file: schema.yaml loaded successfully]
[2023-11-28 15:23:24,838: INFO: common: created directory at: artifacts]
[2023-11-28 15:23:24,838: INFO: common: created directory at: artifacts/model_evaluation]
[2023-11-28 15:23:25,021: INFO: common: json file saved at: artifacts\model_evaluation\metrics.json]
[2023-11-28 15:23:28,331: INFO: main: >>>>>> stage Model evaluation stage completed <<<<<<

x==========x]
[2023-11-28 15:32:51,484: INFO: main: >>>>>> stage Data Ingestion stage started <<<<<<]
[2023-11-28 15:32:51,491: INFO: common: yaml file: config\config.yaml loaded successfully]
[2023-11-28 15:32:51,491: INFO: common: yaml file: params.yaml loaded successfully]
[2023-11-28 15:32:51,493: INFO: common: yaml file: schema.yaml loaded successfully]
[2023-11-28 15:32:51,493: INFO: common: created directory at: artifacts]
[2023-11-28 15:32:51,494: INFO: common: created directory at: artifacts/data_ingestion]
[2023-11-28 15:32:51,494: INFO: data_ingestion: File already exists of size: ~ 23 KB]
[2023-11-28 15:32:51,494: INFO: main: >>>>>> stage Data Ingestion stage completed <<<<<<

x==========x]
[2023-11-28 15:32:51,494: INFO: main: >>>>>> stage Data Validation stage started <<<<<<]
[2023-11-28 15:32:51,497: INFO: common: yaml file: config\config.yaml loaded successfully]
[2023-11-28 15:32:51,497: INFO: common: yaml file: params.yaml loaded successfully]
[2023-11-28 15:32:51,498: INFO: common: yaml file: schema.yaml loaded successfully]
[2023-11-28 15:32:51,498: INFO: common: created directory at: artifacts]
[2023-11-28 15:32:51,499: INFO: common: created directory at: artifacts/data_validation]
[2023-11-28 15:32:51,505: INFO: main: >>>>>> stage Data Validation stage completed <<<<<<

x==========x]
[2023-11-28 15:32:51,506: INFO: main: >>>>>> stage Data Transformation stage started <<<<<<]
[2023-11-28 15:32:51,508: INFO: common: yaml file: config\config.yaml loaded successfully]
[2023-11-28 15:32:51,509: INFO: common: yaml file: params.yaml loaded successfully]
[2023-11-28 15:32:51,511: INFO: common: yaml file: schema.yaml loaded successfully]
[2023-11-28 15:32:51,512: INFO: common: created directory at: artifacts]
[2023-11-28 15:32:51,512: INFO: common: created directory at: artifacts/data_transformation]
[2023-11-28 15:32:51,525: INFO: data_transformation: Splited data into training and test sets]
[2023-11-28 15:32:51,526: INFO: data_transformation: (1199, 12)]
[2023-11-28 15:32:51,526: INFO: data_transformation: (400, 12)]
[2023-11-28 15:32:51,526: INFO: main: >>>>>> stage Data Transformation stage completed <<<<<<

x==========x]
[2023-11-28 15:32:51,526: INFO: main: >>>>>> stage Model Trainer stage started <<<<<<]
[2023-11-28 15:32:51,528: INFO: common: yaml file: config\config.yaml loaded successfully]
[2023-11-28 15:32:51,528: INFO: common: yaml file: params.yaml loaded successfully]
[2023-11-28 15:32:51,530: INFO: common: yaml file: schema.yaml loaded successfully]
[2023-11-28 15:32:51,531: INFO: common: created directory at: artifacts]
[2023-11-28 15:32:51,531: INFO: common: created directory at: artifacts/model_trainer]
[2023-11-28 15:32:51,552: INFO: main: >>>>>> stage Model Trainer stage completed <<<<<<

x==========x]
[2023-11-28 15:32:51,553: INFO: main: >>>>>> stage Model evaluation stage started <<<<<<]
[2023-11-28 15:32:51,554: INFO: common: yaml file: config\config.yaml loaded successfully]
[2023-11-28 15:32:51,556: INFO: common: yaml file: params.yaml loaded successfully]
[2023-11-28 15:32:51,557: INFO: common: yaml file: schema.yaml loaded successfully]
[2023-11-28 15:32:51,557: INFO: common: created directory at: artifacts]
[2023-11-28 15:32:51,558: INFO: common: created directory at: artifacts/model_evaluation]
[2023-11-28 15:32:51,741: INFO: common: json file saved at: artifacts\model_evaluation\metrics.json]
[2023-11-28 15:32:54,943: INFO: main: >>>>>> stage Model evaluation stage completed <<<<<<

x==========x]
[2023-11-28 15:38:42,139: INFO: utils: Note: NumExpr detected 16 cores but "NUMEXPR_MAX_THREADS" not set, so enforcing safe limit of 8.]
[2023-11-28 15:38:42,140: INFO: utils: NumExpr defaulting to 8 threads.]
[2023-11-28 15:38:44,064: INFO: common: yaml file: config\config.yaml loaded successfully]
[2023-11-28 15:38:44,067: INFO: common: yaml file: params.yaml loaded successfully]
[2023-11-28 15:38:44,069: INFO: common: yaml file: schema.yaml loaded successfully]
[2023-11-28 15:38:44,070: INFO: common: created directory at: artifacts]
[2023-11-28 15:38:44,071: INFO: common: created directory at: artifacts/model_evaluation]
[2023-11-28 15:38:45,732: INFO: common: json file saved at: artifacts\model_evaluation\metrics.json]
[2023-11-28 15:42:04,522: INFO: main: >>>>>> stage Data Ingestion stage started <<<<<<]
[2023-11-28 15:42:04,526: INFO: common: yaml file: config\config.yaml loaded successfully]
[2023-11-28 15:42:04,526: INFO: common: yaml file: params.yaml loaded successfully]
[2023-11-28 15:42:04,528: INFO: common: yaml file: schema.yaml loaded successfully]
[2023-11-28 15:42:04,528: INFO: common: created directory at: artifacts]
[2023-11-28 15:42:04,528: INFO: common: created directory at: artifacts/data_ingestion]
[2023-11-28 15:42:04,529: INFO: data_ingestion: File already exists of size: ~ 23 KB]
[2023-11-28 15:42:04,529: INFO: main: >>>>>> stage Data Ingestion stage completed <<<<<<

x==========x]
[2023-11-28 15:42:04,529: INFO: main: >>>>>> stage Data Validation stage started <<<<<<]
[2023-11-28 15:42:04,531: INFO: common: yaml file: config\config.yaml loaded successfully]
[2023-11-28 15:42:04,532: INFO: common: yaml file: params.yaml loaded successfully]
[2023-11-28 15:42:04,533: INFO: common: yaml file: schema.yaml loaded successfully]
[2023-11-28 15:42:04,534: INFO: common: created directory at: artifacts]
[2023-11-28 15:42:04,534: INFO: common: created directory at: artifacts/data_validation]
[2023-11-28 15:42:04,542: INFO: main: >>>>>> stage Data Validation stage completed <<<<<<

x==========x]
[2023-11-28 15:42:04,543: INFO: main: >>>>>> stage Data Transformation stage started <<<<<<]
[2023-11-28 15:42:04,545: INFO: common: yaml file: config\config.yaml loaded successfully]
[2023-11-28 15:42:04,546: INFO: common: yaml file: params.yaml loaded successfully]
[2023-11-28 15:42:04,547: INFO: common: yaml file: schema.yaml loaded successfully]
[2023-11-28 15:42:04,548: INFO: common: created directory at: artifacts]
[2023-11-28 15:42:04,548: INFO: common: created directory at: artifacts/data_transformation]
[2023-11-28 15:42:04,562: INFO: data_transformation: Splited data into training and test sets]
[2023-11-28 15:42:04,562: INFO: data_transformation: (1199, 12)]
[2023-11-28 15:42:04,562: INFO: data_transformation: (400, 12)]
[2023-11-28 15:42:04,563: INFO: main: >>>>>> stage Data Transformation stage completed <<<<<<

x==========x]
[2023-11-28 15:42:04,563: INFO: main: >>>>>> stage Model Trainer stage started <<<<<<]
[2023-11-28 15:42:04,566: INFO: common: yaml file: config\config.yaml loaded successfully]
[2023-11-28 15:42:04,567: INFO: common: yaml file: params.yaml loaded successfully]
[2023-11-28 15:42:04,568: INFO: common: yaml file: schema.yaml loaded successfully]
[2023-11-28 15:42:04,569: INFO: common: created directory at: artifacts]
[2023-11-28 15:42:04,569: INFO: common: created directory at: artifacts/model_trainer]
[2023-11-28 15:42:04,593: INFO: main: >>>>>> stage Model Trainer stage completed <<<<<<

x==========x]
[2023-11-28 15:42:04,593: INFO: main: >>>>>> stage Model evaluation stage started <<<<<<]
[2023-11-28 15:42:04,595: INFO: common: yaml file: config\config.yaml loaded successfully]
[2023-11-28 15:42:04,595: INFO: common: yaml file: params.yaml loaded successfully]
[2023-11-28 15:42:04,597: INFO: common: yaml file: schema.yaml loaded successfully]
[2023-11-28 15:42:04,597: INFO: common: created directory at: artifacts]
[2023-11-28 15:42:04,597: INFO: common: created directory at: artifacts/model_evaluation]
[2023-11-28 15:42:04,786: INFO: common: json file saved at: artifacts\model_evaluation\metrics.json]
[2023-11-28 15:42:07,856: INFO: main: >>>>>> stage Model evaluation stage completed <<<<<<

x==========x]
[2023-11-28 15:46:40,292: INFO: main: >>>>>> stage Data Ingestion stage started <<<<<<]
[2023-11-28 15:46:40,295: INFO: common: yaml file: config\config.yaml loaded successfully]
[2023-11-28 15:46:40,295: INFO: common: yaml file: params.yaml loaded successfully]
[2023-11-28 15:46:40,296: INFO: common: yaml file: schema.yaml loaded successfully]
[2023-11-28 15:46:40,297: INFO: common: created directory at: artifacts]
[2023-11-28 15:46:40,297: INFO: common: created directory at: artifacts/data_ingestion]
[2023-11-28 15:46:40,297: INFO: data_ingestion: File already exists of size: ~ 23 KB]
[2023-11-28 15:46:40,298: INFO: main: >>>>>> stage Data Ingestion stage completed <<<<<<

x==========x]
[2023-11-28 15:46:40,298: INFO: main: >>>>>> stage Data Validation stage started <<<<<<]
[2023-11-28 15:46:40,300: INFO: common: yaml file: config\config.yaml loaded successfully]
[2023-11-28 15:46:40,301: INFO: common: yaml file: params.yaml loaded successfully]
[2023-11-28 15:46:40,302: INFO: common: yaml file: schema.yaml loaded successfully]
[2023-11-28 15:46:40,302: INFO: common: created directory at: artifacts]
[2023-11-28 15:46:40,303: INFO: common: created directory at: artifacts/data_validation]
[2023-11-28 15:46:40,310: INFO: main: >>>>>> stage Data Validation stage completed <<<<<<

x==========x]
[2023-11-28 15:46:40,311: INFO: main: >>>>>> stage Data Transformation stage started <<<<<<]
[2023-11-28 15:46:40,313: INFO: common: yaml file: config\config.yaml loaded successfully]
[2023-11-28 15:46:40,314: INFO: common: yaml file: params.yaml loaded successfully]
[2023-11-28 15:46:40,315: INFO: common: yaml file: schema.yaml loaded successfully]
[2023-11-28 15:46:40,316: INFO: common: created directory at: artifacts]
[2023-11-28 15:46:40,316: INFO: common: created directory at: artifacts/data_transformation]
[2023-11-28 15:46:40,329: INFO: data_transformation: Splited data into training and test sets]
[2023-11-28 15:46:40,329: INFO: data_transformation: (1199, 12)]
[2023-11-28 15:46:40,330: INFO: data_transformation: (400, 12)]
[2023-11-28 15:46:40,330: INFO: main: >>>>>> stage Data Transformation stage completed <<<<<<

x==========x]
[2023-11-28 15:46:40,330: INFO: main: >>>>>> stage Model Trainer stage started <<<<<<]
[2023-11-28 15:46:40,332: INFO: common: yaml file: config\config.yaml loaded successfully]
[2023-11-28 15:46:40,333: INFO: common: yaml file: params.yaml loaded successfully]
[2023-11-28 15:46:40,335: INFO: common: yaml file: schema.yaml loaded successfully]
[2023-11-28 15:46:40,335: INFO: common: created directory at: artifacts]
[2023-11-28 15:46:40,335: INFO: common: created directory at: artifacts/model_trainer]
[2023-11-28 15:46:40,360: INFO: main: >>>>>> stage Model Trainer stage completed <<<<<<

x==========x]
[2023-11-28 15:46:40,361: INFO: main: >>>>>> stage Model evaluation stage started <<<<<<]
[2023-11-28 15:46:40,363: INFO: common: yaml file: config\config.yaml loaded successfully]
[2023-11-28 15:46:40,363: INFO: common: yaml file: params.yaml loaded successfully]
[2023-11-28 15:46:40,365: INFO: common: yaml file: schema.yaml loaded successfully]
[2023-11-28 15:46:40,365: INFO: common: created directory at: artifacts]
[2023-11-28 15:46:40,365: INFO: common: created directory at: artifacts/model_evaluation]
[2023-11-28 15:46:42,141: INFO: common: json file saved at: artifacts\model_evaluation\metrics.json]
[2023-11-28 15:46:54,964: INFO: main: >>>>>> stage Model evaluation stage completed <<<<<<

x==========x]
[2023-11-28 15:59:04,809: INFO: main: >>>>>> stage Data Ingestion stage started <<<<<<]
[2023-11-28 15:59:04,811: INFO: common: yaml file: config\config.yaml loaded successfully]
[2023-11-28 15:59:04,817: INFO: common: yaml file: params.yaml loaded successfully]
[2023-11-28 15:59:04,818: INFO: common: yaml file: schema.yaml loaded successfully]
[2023-11-28 15:59:04,820: INFO: common: created directory at: artifacts]
[2023-11-28 15:59:04,820: INFO: common: created directory at: artifacts/data_ingestion]
[2023-11-28 15:59:04,820: INFO: data_ingestion: File already exists of size: ~ 23 KB]
[2023-11-28 15:59:04,821: INFO: main: >>>>>> stage Data Ingestion stage completed <<<<<<

x==========x]
[2023-11-28 15:59:04,821: INFO: main: >>>>>> stage Data Validation stage started <<<<<<]
[2023-11-28 15:59:04,822: INFO: common: yaml file: config\config.yaml loaded successfully]
[2023-11-28 15:59:04,823: INFO: common: yaml file: params.yaml loaded successfully]
[2023-11-28 15:59:04,824: INFO: common: yaml file: schema.yaml loaded successfully]
[2023-11-28 15:59:04,825: INFO: common: created directory at: artifacts]
[2023-11-28 15:59:04,825: INFO: common: created directory at: artifacts/data_validation]
[2023-11-28 15:59:04,832: INFO: main: >>>>>> stage Data Validation stage completed <<<<<<

x==========x]
[2023-11-28 15:59:04,832: INFO: main: >>>>>> stage Data Transformation stage started <<<<<<]
[2023-11-28 15:59:04,836: INFO: common: yaml file: config\config.yaml loaded successfully]
[2023-11-28 15:59:04,837: INFO: common: yaml file: params.yaml loaded successfully]
[2023-11-28 15:59:04,838: INFO: common: yaml file: schema.yaml loaded successfully]
[2023-11-28 15:59:04,839: INFO: common: created directory at: artifacts]
[2023-11-28 15:59:04,839: INFO: common: created directory at: artifacts/data_transformation]
[2023-11-28 15:59:04,854: INFO: data_transformation: Splited data into training and test sets]
[2023-11-28 15:59:04,854: INFO: data_transformation: (1199, 12)]
[2023-11-28 15:59:04,855: INFO: data_transformation: (400, 12)]
[2023-11-28 15:59:04,855: INFO: main: >>>>>> stage Data Transformation stage completed <<<<<<

x==========x]
[2023-11-28 15:59:04,855: INFO: main: >>>>>> stage Model Trainer stage started <<<<<<]
[2023-11-28 15:59:04,857: INFO: common: yaml file: config\config.yaml loaded successfully]
[2023-11-28 15:59:04,858: INFO: common: yaml file: params.yaml loaded successfully]
[2023-11-28 15:59:04,859: INFO: common: yaml file: schema.yaml loaded successfully]
[2023-11-28 15:59:04,859: INFO: common: created directory at: artifacts]
[2023-11-28 15:59:04,859: INFO: common: created directory at: artifacts/model_trainer]
[2023-11-28 15:59:04,899: INFO: main: >>>>>> stage Model Trainer stage completed <<<<<<

x==========x]
[2023-11-28 15:59:04,899: INFO: main: >>>>>> stage Model evaluation stage started <<<<<<]
[2023-11-28 15:59:04,901: INFO: common: yaml file: config\config.yaml loaded successfully]
[2023-11-28 15:59:04,902: INFO: common: yaml file: params.yaml loaded successfully]
[2023-11-28 15:59:04,903: INFO: common: yaml file: schema.yaml loaded successfully]
[2023-11-28 15:59:04,904: INFO: common: created directory at: artifacts]
[2023-11-28 15:59:04,904: INFO: common: created directory at: artifacts/model_evaluation]
[2023-11-28 15:59:06,266: INFO: common: json file saved at: artifacts\model_evaluation\metrics.json]
[2023-11-28 15:59:18,438: INFO: main: >>>>>> stage Model evaluation stage completed <<<<<<

x==========x]
